TN:
SF:script/MinerETH.s.sol
FN:18,MinerETHScript.run
FNDA:0,MinerETHScript.run
DA:19,0
DA:19,0
DA:22,0
DA:22,0
DA:22,0
DA:23,0
DA:23,0
DA:23,0
DA:24,0
DA:24,0
DA:24,0
DA:26,0
DA:26,0
DA:27,0
DA:27,0
DA:28,0
DA:28,0
DA:31,0
DA:31,0
DA:32,0
DA:32,0
DA:33,0
DA:33,0
DA:35,0
DA:35,0
FNF:1
FNH:0
LF:11
LH:0
BRF:0
BRH:0
end_of_record
TN:
SF:script/MinerETHFactory.s.sol
FN:8,MinerETHFactoryScript.run
FNDA:0,MinerETHFactoryScript.run
DA:9,0
DA:9,0
DA:11,0
DA:11,0
FNF:1
FNH:0
LF:2
LH:0
BRF:0
BRH:0
end_of_record
TN:
SF:src/DynamicRewards.sol
FN:28,DynamicRewards.getAccruedRewards
FNDA:416,DynamicRewards.getAccruedRewards
DA:32,416
DA:32,416
DA:32,416
FN:42,DynamicRewards.getNextCycleRewards
FNDA:416,DynamicRewards.getNextCycleRewards
DA:43,416
DA:43,416
DA:43,416
FNF:2
FNH:2
LF:2
LH:2
BRF:0
BRH:0
end_of_record
TN:
SF:src/MinerETH.sol
FN:72,MinerETH.initialize
FNDA:3,MinerETH.initialize
DA:77,2
DA:77,2
DA:77,2
BRDA:77,0,0,-
BRDA:77,0,1,2
DA:77,0
DA:78,2
DA:78,2
DA:78,2
BRDA:78,1,0,-
BRDA:78,1,1,2
DA:78,0
DA:79,2
DA:79,2
DA:79,2
BRDA:79,2,0,-
BRDA:79,2,1,2
DA:79,0
DA:81,2
DA:81,2
DA:82,2
DA:82,2
DA:86,2
DA:86,2
DA:87,2
DA:87,2
DA:88,2
DA:88,2
DA:89,2
DA:89,2
DA:91,2
DA:91,2
DA:92,2
DA:92,2
FN:103,MinerETH._beforeTokenTransfer
FNDA:88,MinerETH._beforeTokenTransfer
DA:108,88
DA:108,88
DA:108,88
BRDA:108,3,0,-
BRDA:108,3,1,59
DA:109,59
DA:109,59
DA:110,29
DA:110,29
DA:110,29
BRDA:110,4,0,-
BRDA:110,4,1,29
DA:111,29
DA:111,29
DA:113,0
DA:113,0
FN:118,MinerETH.name
FNDA:1,MinerETH.name
DA:119,1
DA:119,1
FN:123,MinerETH.symbol
FNDA:1,MinerETH.symbol
DA:124,1
DA:124,1
FN:128,MinerETH.decimals
FNDA:1,MinerETH.decimals
DA:129,1
DA:129,1
FN:137,MinerETH._mine
FNDA:635,MinerETH._mine
DA:138,635
DA:138,635
DA:138,635
DA:140,635
DA:140,635
BRDA:140,5,0,1
BRDA:140,5,1,634
DA:140,1
DA:142,634
DA:142,634
DA:143,634
DA:143,634
DA:150,634
DA:150,634
BRDA:150,6,0,-
BRDA:150,6,1,515
DA:151,515
DA:151,515
DA:153,119
DA:153,119
DA:155,119
DA:155,119
DA:157,119
DA:157,119
BRDA:157,7,0,-
BRDA:157,7,1,-
DA:158,119
DA:158,119
DA:160,119
DA:160,119
DA:160,119
DA:165,119
DA:165,119
BRDA:165,8,0,-
BRDA:165,8,1,119
DA:166,119
DA:166,119
DA:175,119
DA:175,119
DA:176,119
DA:176,119
DA:182,0
DA:182,0
DA:187,634
DA:187,634
FN:191,MinerETH.mine
FNDA:532,MinerETH.mine
DA:192,532
DA:192,532
DA:192,532
FN:199,MinerETH.deposit
FNDA:60,MinerETH.deposit
DA:200,60
DA:200,60
BRDA:200,9,0,1
BRDA:200,9,1,59
DA:200,1
DA:202,59
DA:202,59
DA:203,59
DA:203,59
DA:204,59
DA:204,59
DA:205,59
DA:205,59
DA:206,59
DA:206,59
DA:208,59
DA:208,59
FN:215,MinerETH.withdraw
FNDA:30,MinerETH.withdraw
DA:216,30
DA:216,30
BRDA:216,10,0,1
BRDA:216,10,1,29
DA:216,1
DA:218,29
DA:218,29
DA:219,29
DA:219,29
DA:220,29
DA:220,29
DA:225,29
DA:225,29
DA:225,29
DA:227,29
DA:227,29
BRDA:227,11,0,-
BRDA:227,11,1,29
DA:228,29
DA:228,29
DA:230,29
DA:230,29
DA:232,29
DA:232,29
FN:239,MinerETH.claimRewards
FNDA:15,MinerETH.claimRewards
DA:240,15
DA:240,15
DA:242,15
DA:242,15
DA:244,15
DA:244,15
BRDA:244,12,0,-
BRDA:244,12,1,15
DA:244,15
DA:246,15
DA:246,15
FNF:10
FNH:10
LF:57
LH:55
BRF:26
BRH:15
end_of_record
TN:
SF:src/MinerETHFactory.sol
FN:31,MinerETHFactory.deploy
FNDA:3,MinerETHFactory.deploy
DA:32,3
DA:32,3
DA:32,3
BRDA:32,0,0,1
BRDA:32,0,1,2
DA:32,1
DA:35,2
DA:35,2
DA:35,2
BRDA:35,1,0,-
BRDA:35,1,1,2
DA:36,0
DA:36,0
DA:38,2
DA:38,2
DA:38,2
DA:39,2
DA:39,2
DA:39,2
DA:46,2
DA:46,2
DA:46,2
DA:47,2
DA:47,2
DA:47,2
DA:50,2
DA:50,2
DA:54,2
DA:54,2
DA:55,2
DA:55,2
DA:56,2
DA:56,2
DA:57,2
DA:57,2
DA:59,2
DA:59,2
FNF:1
FNH:1
LF:13
LH:12
BRF:4
BRH:3
end_of_record
TN:
SF:src/MinerETHv2.sol
FN:82,MinerETHv2.initialize
FNDA:2,MinerETHv2.initialize
DA:87,2
DA:87,2
DA:87,2
BRDA:87,0,0,-
BRDA:87,0,1,2
DA:87,0
DA:88,2
DA:88,2
DA:88,2
BRDA:88,1,0,-
BRDA:88,1,1,2
DA:88,0
DA:89,2
DA:89,2
DA:89,2
BRDA:89,2,0,-
BRDA:89,2,1,2
DA:89,0
DA:91,2
DA:91,2
DA:92,2
DA:92,2
DA:96,2
DA:96,2
DA:97,2
DA:97,2
DA:98,2
DA:98,2
DA:99,2
DA:99,2
DA:101,2
DA:101,2
DA:102,2
DA:102,2
FN:113,MinerETHv2._beforeTokenTransfer
FNDA:90,MinerETHv2._beforeTokenTransfer
DA:118,90
DA:118,90
DA:118,90
BRDA:118,3,0,-
BRDA:118,3,1,61
DA:119,61
DA:119,61
DA:120,29
DA:120,29
DA:120,29
BRDA:120,4,0,-
BRDA:120,4,1,29
DA:121,29
DA:121,29
DA:123,0
DA:123,0
FN:128,MinerETHv2.name
FNDA:1,MinerETHv2.name
DA:129,1
DA:129,1
FN:133,MinerETHv2.symbol
FNDA:1,MinerETHv2.symbol
DA:134,1
DA:134,1
FN:138,MinerETHv2.decimals
FNDA:1,MinerETHv2.decimals
DA:139,1
DA:139,1
FN:147,MinerETHv2._mine
FNDA:1137,MinerETHv2._mine
DA:148,1137
DA:148,1137
DA:148,1137
DA:150,1137
DA:150,1137
BRDA:150,5,0,2
BRDA:150,5,1,1135
DA:150,2
DA:152,1135
DA:152,1135
DA:154,1135
DA:154,1135
DA:154,1135
DA:157,1135
DA:157,1135
DA:158,1135
DA:158,1135
BRDA:156,6,0,-
BRDA:156,6,1,-
DA:163,119
DA:163,119
DA:168,119
DA:168,119
DA:173,119
DA:173,119
DA:175,119
DA:175,119
DA:177,119
DA:177,119
DA:177,119
DA:182,119
DA:182,119
BRDA:182,7,0,-
BRDA:182,7,1,119
DA:183,119
DA:183,119
DA:192,119
DA:192,119
DA:193,119
DA:193,119
DA:199,0
DA:199,0
DA:203,1135
DA:203,1135
FN:207,MinerETHv2.mine
FNDA:1032,MinerETHv2.mine
DA:208,1032
DA:208,1032
DA:208,1032
FN:215,MinerETHv2.deposit
FNDA:76,MinerETHv2.deposit
DA:216,76
DA:216,76
BRDA:216,8,0,15
BRDA:216,8,1,61
DA:216,15
DA:218,61
DA:218,61
DA:219,61
DA:219,61
DA:220,61
DA:220,61
DA:221,61
DA:221,61
DA:225,61
DA:225,61
DA:227,61
DA:227,61
FN:234,MinerETHv2.withdraw
FNDA:44,MinerETHv2.withdraw
DA:235,44
DA:235,44
BRDA:235,9,0,15
BRDA:235,9,1,29
DA:235,15
DA:237,29
DA:237,29
DA:238,29
DA:238,29
DA:239,29
DA:239,29
DA:245,29
DA:245,29
DA:245,29
DA:247,29
DA:247,29
BRDA:247,10,0,-
BRDA:247,10,1,29
DA:248,29
DA:248,29
DA:253,29
DA:253,29
DA:255,29
DA:255,29
FN:262,MinerETHv2.claimRewards
FNDA:15,MinerETHv2.claimRewards
DA:263,15
DA:263,15
DA:265,15
DA:265,15
DA:267,15
DA:267,15
BRDA:267,11,0,-
BRDA:267,11,1,15
DA:267,15
DA:269,15
DA:269,15
FNF:10
FNH:10
LF:57
LH:55
BRF:24
BRH:14
end_of_record
TN:
SF:src/MinerETHv2Factory.sol
FN:31,MinerETHv2Factory.deploy
FNDA:2,MinerETHv2Factory.deploy
DA:32,2
DA:32,2
DA:32,2
BRDA:32,0,0,-
BRDA:32,0,1,2
DA:32,0
DA:35,2
DA:35,2
DA:35,2
BRDA:35,1,0,-
BRDA:35,1,1,2
DA:36,0
DA:36,0
DA:38,2
DA:38,2
DA:38,2
DA:39,2
DA:39,2
DA:39,2
DA:46,2
DA:46,2
DA:46,2
DA:47,2
DA:47,2
DA:47,2
DA:50,2
DA:50,2
DA:54,2
DA:54,2
DA:55,2
DA:55,2
DA:56,2
DA:56,2
DA:57,2
DA:57,2
DA:59,2
DA:59,2
FNF:1
FNH:1
LF:13
LH:12
BRF:4
BRH:2
end_of_record
TN:
SF:src/RewardsStore.sol
FN:23,RewardsStore.transferNextCycleRewards
FNDA:1,RewardsStore.transferNextCycleRewards
DA:24,1
DA:24,1
BRDA:24,0,0,-
BRDA:24,0,1,1
DA:24,0
DA:26,1
DA:26,1
DA:28,1
DA:28,1
FNF:1
FNH:1
LF:3
LH:3
BRF:2
BRH:1
end_of_record
